0 info it worked if it ends with ok
1 verbose cli [ '/usr/bin/nodejs', '/usr/bin/npm', 'install', '-g', 'nodemon' ]
2 info using npm@3.5.2
3 info using node@v4.2.6
4 silly loadCurrentTree Starting
5 silly install loadCurrentTree
6 silly install readGlobalPackageData
7 silly fetchPackageMetaData nodemon
8 silly fetchNamedPackageData nodemon
9 silly mapToRegistry name nodemon
10 silly mapToRegistry using default registry
11 silly mapToRegistry registry https://registry.npmjs.org/
12 silly mapToRegistry uri https://registry.npmjs.org/nodemon
13 verbose request uri https://registry.npmjs.org/nodemon
14 verbose request no auth needed
15 info attempt registry request try #1 at 11:26:52 PM
16 verbose request id 86bde1de1e0f051b
17 verbose etag "7GK0EEPJQIHPXQOYO27PPEUV4"
18 http request GET https://registry.npmjs.org/nodemon
19 http 304 https://registry.npmjs.org/nodemon
20 verbose headers { date: 'Mon, 07 Nov 2016 16:56:55 GMT',
20 verbose headers   via: '1.1 varnish',
20 verbose headers   'cache-control': 'max-age=300',
20 verbose headers   etag: '"7GK0EEPJQIHPXQOYO27PPEUV4"',
20 verbose headers   age: '0',
20 verbose headers   connection: 'keep-alive',
20 verbose headers   'x-served-by': 'cache-hkg6823-HKG',
20 verbose headers   'x-cache': 'HIT',
20 verbose headers   'x-cache-hits': '1',
20 verbose headers   'x-timer': 'S1478537815.536189,VS0,VE820',
20 verbose headers   vary: 'Accept-Encoding' }
21 silly get cb [ 304,
21 silly get   { date: 'Mon, 07 Nov 2016 16:56:55 GMT',
21 silly get     via: '1.1 varnish',
21 silly get     'cache-control': 'max-age=300',
21 silly get     etag: '"7GK0EEPJQIHPXQOYO27PPEUV4"',
21 silly get     age: '0',
21 silly get     connection: 'keep-alive',
21 silly get     'x-served-by': 'cache-hkg6823-HKG',
21 silly get     'x-cache': 'HIT',
21 silly get     'x-cache-hits': '1',
21 silly get     'x-timer': 'S1478537815.536189,VS0,VE820',
21 silly get     vary: 'Accept-Encoding' } ]
22 verbose etag https://registry.npmjs.org/nodemon from cache
23 verbose get saving nodemon to /home/lenovo/.npm/registry.npmjs.org/nodemon/.cache.json
24 silly install normalizeTree
25 silly loadCurrentTree Finishing
26 silly loadIdealTree Starting
27 silly install loadIdealTree
28 silly cloneCurrentTree Starting
29 silly install cloneCurrentTreeToIdealTree
30 silly cloneCurrentTree Finishing
31 silly loadShrinkwrap Starting
32 silly install loadShrinkwrap
33 silly loadShrinkwrap Finishing
34 silly loadAllDepsIntoIdealTree Starting
35 silly install loadAllDepsIntoIdealTree
36 silly resolveWithNewModule nodemon@1.11.0 checking installable status
37 silly cache add args [ 'nodemon', null ]
38 verbose cache add spec nodemon
39 silly cache add parsed spec Result {
39 silly cache add   raw: 'nodemon',
39 silly cache add   scope: null,
39 silly cache add   name: 'nodemon',
39 silly cache add   rawSpec: '',
39 silly cache add   spec: 'latest',
39 silly cache add   type: 'tag' }
40 silly addNamed nodemon@latest
41 verbose addNamed "latest" is being treated as a dist-tag for nodemon
42 info addNameTag [ 'nodemon', 'latest' ]
43 silly mapToRegistry name nodemon
44 silly mapToRegistry using default registry
45 silly mapToRegistry registry https://registry.npmjs.org/
46 silly mapToRegistry uri https://registry.npmjs.org/nodemon
47 verbose addNameTag registry:https://registry.npmjs.org/nodemon not in flight; fetching
48 verbose get https://registry.npmjs.org/nodemon not expired, no request
49 silly addNameTag next cb for nodemon with tag latest
50 silly addNamed nodemon@1.11.0
51 verbose addNamed "1.11.0" is a plain semver version for nodemon
52 silly mapToRegistry name nodemon
53 silly mapToRegistry using default registry
54 silly mapToRegistry registry https://registry.npmjs.org/
55 silly mapToRegistry uri https://registry.npmjs.org/nodemon
56 verbose addRemoteTarball https://registry.npmjs.org/nodemon/-/nodemon-1.11.0.tgz not in flight; adding
57 verbose addRemoteTarball [ 'https://registry.npmjs.org/nodemon/-/nodemon-1.11.0.tgz',
57 verbose addRemoteTarball   '226c562bd2a7b13d3d7518b49ad4828a3623d06c' ]
58 info retry fetch attempt 1 at 11:26:57 PM
59 info attempt registry request try #1 at 11:26:57 PM
60 http fetch GET https://registry.npmjs.org/nodemon/-/nodemon-1.11.0.tgz
61 http fetch 200 https://registry.npmjs.org/nodemon/-/nodemon-1.11.0.tgz
62 silly fetchAndShaCheck shasum 226c562bd2a7b13d3d7518b49ad4828a3623d06c
63 verbose addTmpTarball /tmp/npm-10199-6aec3f52/registry.npmjs.org/nodemon/-/nodemon-1.11.0.tgz not in flight; adding
64 verbose addTmpTarball already have metadata; skipping unpack for nodemon@1.11.0
65 silly rollbackFailedOptional Starting
66 silly rollbackFailedOptional Finishing
67 silly runTopLevelLifecycles Starting
68 silly runTopLevelLifecycles Finishing
69 silly install printInstalled
70 verbose stack Error: EACCES: permission denied, mkdir '/home/lenovo/.npm/nodemon/1.11.0'
70 verbose stack     at Error (native)
71 verbose cwd /home/lenovo/movie4you-master/movie4you
72 error Linux 4.4.0-45-generic
73 error argv "/usr/bin/nodejs" "/usr/bin/npm" "install" "-g" "nodemon"
74 error node v4.2.6
75 error npm  v3.5.2
76 error path /home/lenovo/.npm/nodemon/1.11.0
77 error code EACCES
78 error errno -13
79 error syscall mkdir
80 error Error: EACCES: permission denied, mkdir '/home/lenovo/.npm/nodemon/1.11.0'
80 error     at Error (native)
80 error  { [Error: EACCES: permission denied, mkdir '/home/lenovo/.npm/nodemon/1.11.0']
80 error   errno: -13,
80 error   code: 'EACCES',
80 error   syscall: 'mkdir',
80 error   path: '/home/lenovo/.npm/nodemon/1.11.0' }
81 error Please try running this command again as root/Administrator.
82 verbose exit [ -13, true ]
